Build started 22/05/2013 19:40:59.
     1>Project "C:\Users\Chenko\Desktop\Curso 2012-2013\EDA\Practicas\Ejercicio 6\Ejercicio 6\Ejercicio 6.vcxproj" on node 2 (build target(s)).
     1>InitializeBuildStatus:
         Creating "Debug\Ejercicio 6.unsuccessfulbuild" because "AlwaysCreate" was specified.
       ClCompile:
         c:\Program Files\Microsoft Visual Studio 10.0\VC\bin\CL.exe /c /ZI /nologo /W3 /WX- /Od /Oy- /D _MBCS /Gm /EHsc /RTC1 /MDd /GS /fp:precise /Zc:wchar_t /Zc:forScope /Fo"Debug\\" /Fd"Debug\vc100.pdb" /Gd /TP /analyze- /errorReport:prompt Main.cpp
         Main.cpp
     1>c:\users\chenko\desktop\curso 2012-2013\eda\practicas\ejercicio 6\ejercicio 6\mont.h(48): warning C4715: 'Mont<int>::getMin' : not all control paths return a value
       Link:
         c:\Program Files\Microsoft Visual Studio 10.0\VC\bin\link.exe /ERRORREPORT:PROMPT /OUT:"C:\Users\Chenko\Desktop\Curso 2012-2013\EDA\Practicas\Ejercicio 6\Debug\Ejercicio 6.exe" /NOLOGO kernel32.lib user32.lib gdi32.lib winspool.lib comdlg32.lib advapi32.lib shell32.lib ole32.lib oleaut32.lib uuid.lib odbc32.lib odbccp32.lib /MANIFEST /ManifestFile:"Debug\Ejercicio 6.exe.intermediate.manifest" /MANIFESTUAC:"level='asInvoker' uiAccess='false'" /DEBUG /PDB:"C:\Users\Chenko\Desktop\Curso 2012-2013\EDA\Practicas\Ejercicio 6\Debug\Ejercicio 6.pdb" /TLBID:1 /DYNAMICBASE /NXCOMPAT /IMPLIB:"C:\Users\Chenko\Desktop\Curso 2012-2013\EDA\Practicas\Ejercicio 6\Debug\Ejercicio 6.lib" /MACHINE:X86 Debug\Main.obj
         LINK : C:\Users\Chenko\Desktop\Curso 2012-2013\EDA\Practicas\Ejercicio 6\Debug\Ejercicio 6.exe not found or not built by the last incremental link; performing full link
         Ejercicio 6.vcxproj -> C:\Users\Chenko\Desktop\Curso 2012-2013\EDA\Practicas\Ejercicio 6\Debug\Ejercicio 6.exe
       Manifest:
         C:\Program Files\Microsoft SDKs\Windows\v7.0A\bin\mt.exe /nologo /verbose /outputresource:"C:\Users\Chenko\Desktop\Curso 2012-2013\EDA\Practicas\Ejercicio 6\Debug\Ejercicio 6.exe;#1" /manifest "Debug\Ejercicio 6.exe.intermediate.manifest"
       FinalizeBuildStatus:
         Deleting file "Debug\Ejercicio 6.unsuccessfulbuild".
         Touching "Debug\Ejercicio 6.lastbuildstate".
     1>Done Building Project "C:\Users\Chenko\Desktop\Curso 2012-2013\EDA\Practicas\Ejercicio 6\Ejercicio 6\Ejercicio 6.vcxproj" (build target(s)).

Build succeeded.

Time Elapsed 00:00:01.31
