Build started 08/04/2013 15:49:33.
     1>Project "C:\Users\Chenko\Desktop\Curso 2012-2013\EDA\Practicas\Ejercicio 2\Ejercicio 2\Ejercicio 2.vcxproj" on node 2 (build target(s)).
     1>InitializeBuildStatus:
         Creating "Debug\Ejercicio 2.unsuccessfulbuild" because "AlwaysCreate" was specified.
       ClCompile:
         c:\Program Files\Microsoft Visual Studio 10.0\VC\bin\CL.exe /c /ZI /nologo /W3 /WX- /Od /Oy- /D _MBCS /Gm /EHsc /RTC1 /MDd /GS /fp:precise /Zc:wchar_t /Zc:forScope /Fo"Debug\\" /Fd"Debug\vc100.pdb" /Gd /TP /analyze- /errorReport:prompt Main.cpp
         Main.cpp
     1>c:\users\chenko\desktop\curso 2012-2013\eda\practicas\ejercicio 2\ejercicio 2\pilale.h(117): warning C4715: 'PilaLE<char>::cima' : not all control paths return a value
       Link:
         c:\Program Files\Microsoft Visual Studio 10.0\VC\bin\link.exe /ERRORREPORT:PROMPT /OUT:"C:\Users\Chenko\Desktop\Curso 2012-2013\EDA\Practicas\Ejercicio 2\Debug\Ejercicio 2.exe" /NOLOGO kernel32.lib user32.lib gdi32.lib winspool.lib comdlg32.lib advapi32.lib shell32.lib ole32.lib oleaut32.lib uuid.lib odbc32.lib odbccp32.lib /MANIFEST /ManifestFile:"Debug\Ejercicio 2.exe.intermediate.manifest" /MANIFESTUAC:"level='asInvoker' uiAccess='false'" /DEBUG /PDB:"C:\Users\Chenko\Desktop\Curso 2012-2013\EDA\Practicas\Ejercicio 2\Debug\Ejercicio 2.pdb" /TLBID:1 /DYNAMICBASE /NXCOMPAT /IMPLIB:"C:\Users\Chenko\Desktop\Curso 2012-2013\EDA\Practicas\Ejercicio 2\Debug\Ejercicio 2.lib" /MACHINE:X86 Debug\Main.obj
         LINK : C:\Users\Chenko\Desktop\Curso 2012-2013\EDA\Practicas\Ejercicio 2\Debug\Ejercicio 2.exe not found or not built by the last incremental link; performing full link
         Ejercicio 2.vcxproj -> C:\Users\Chenko\Desktop\Curso 2012-2013\EDA\Practicas\Ejercicio 2\Debug\Ejercicio 2.exe
       Manifest:
         C:\Program Files\Microsoft SDKs\Windows\v7.0A\bin\mt.exe /nologo /verbose /outputresource:"C:\Users\Chenko\Desktop\Curso 2012-2013\EDA\Practicas\Ejercicio 2\Debug\Ejercicio 2.exe;#1" /manifest "Debug\Ejercicio 2.exe.intermediate.manifest"
       FinalizeBuildStatus:
         Deleting file "Debug\Ejercicio 2.unsuccessfulbuild".
         Touching "Debug\Ejercicio 2.lastbuildstate".
     1>Done Building Project "C:\Users\Chenko\Desktop\Curso 2012-2013\EDA\Practicas\Ejercicio 2\Ejercicio 2\Ejercicio 2.vcxproj" (build target(s)).

Build succeeded.

Time Elapsed 00:00:01.37
