Build started 10/04/2013 21:34:54.
     1>Project "C:\Users\Chenko\Desktop\Curso 2012-2013\EDA\Practicas\Ejercicio 4\Ejercicio 4\Ejercicio 4.vcxproj" on node 2 (build target(s)).
     1>InitializeBuildStatus:
         Creating "Debug\Ejercicio 4.unsuccessfulbuild" because "AlwaysCreate" was specified.
       ClCompile:
         c:\Program Files\Microsoft Visual Studio 10.0\VC\bin\CL.exe /c /ZI /nologo /W3 /WX- /Od /Oy- /D _MBCS /Gm /EHsc /RTC1 /MDd /GS /fp:precise /Zc:wchar_t /Zc:forScope /Fo"Debug\\" /Fd"Debug\vc100.pdb" /Gd /TP /analyze- /errorReport:prompt Main.cpp
         Main.cpp
     1>c:\users\chenko\desktop\curso 2012-2013\eda\practicas\ejercicio 4\ejercicio 4\listas.h(87): warning C4715: 'Listas<char>::primero' : not all control paths return a value
     1>c:\users\chenko\desktop\curso 2012-2013\eda\practicas\ejercicio 4\ejercicio 4\listas.h(92): warning C4715: 'Listas<char>::ultimo' : not all control paths return a value
     1>c:\users\chenko\desktop\curso 2012-2013\eda\practicas\ejercicio 4\ejercicio 4\listas.h(146): warning C4715: 'Listas<char>::elem' : not all control paths return a value
       Link:
         c:\Program Files\Microsoft Visual Studio 10.0\VC\bin\link.exe /ERRORREPORT:PROMPT /OUT:"C:\Users\Chenko\Desktop\Curso 2012-2013\EDA\Practicas\Ejercicio 4\Debug\Ejercicio 4.exe" /NOLOGO kernel32.lib user32.lib gdi32.lib winspool.lib comdlg32.lib advapi32.lib shell32.lib ole32.lib oleaut32.lib uuid.lib odbc32.lib odbccp32.lib /MANIFEST /ManifestFile:"Debug\Ejercicio 4.exe.intermediate.manifest" /MANIFESTUAC:"level='asInvoker' uiAccess='false'" /DEBUG /PDB:"C:\Users\Chenko\Desktop\Curso 2012-2013\EDA\Practicas\Ejercicio 4\Debug\Ejercicio 4.pdb" /TLBID:1 /DYNAMICBASE /NXCOMPAT /IMPLIB:"C:\Users\Chenko\Desktop\Curso 2012-2013\EDA\Practicas\Ejercicio 4\Debug\Ejercicio 4.lib" /MACHINE:X86 Debug\Main.obj
         LINK : C:\Users\Chenko\Desktop\Curso 2012-2013\EDA\Practicas\Ejercicio 4\Debug\Ejercicio 4.exe not found or not built by the last incremental link; performing full link
         Ejercicio 4.vcxproj -> C:\Users\Chenko\Desktop\Curso 2012-2013\EDA\Practicas\Ejercicio 4\Debug\Ejercicio 4.exe
       Manifest:
         C:\Program Files\Microsoft SDKs\Windows\v7.0A\bin\mt.exe /nologo /verbose /outputresource:"C:\Users\Chenko\Desktop\Curso 2012-2013\EDA\Practicas\Ejercicio 4\Debug\Ejercicio 4.exe;#1" /manifest "Debug\Ejercicio 4.exe.intermediate.manifest"
       FinalizeBuildStatus:
         Deleting file "Debug\Ejercicio 4.unsuccessfulbuild".
         Touching "Debug\Ejercicio 4.lastbuildstate".
     1>Done Building Project "C:\Users\Chenko\Desktop\Curso 2012-2013\EDA\Practicas\Ejercicio 4\Ejercicio 4\Ejercicio 4.vcxproj" (build target(s)).

Build succeeded.

Time Elapsed 00:00:01.18
