C:\USERS\JORGE\EDA PRACTICAS\EJERCICIO 1\EJERCICIO 1\DEBUG\MAIN.OBJ
C:\USERS\JORGE\EDA PRACTICAS\EJERCICIO 1\EJERCICIO 1\DEBUG\VC110.PDB
C:\USERS\JORGE\EDA PRACTICAS\EJERCICIO 1\DEBUG\EJERCICIO 1.ILK
C:\USERS\JORGE\EDA PRACTICAS\EJERCICIO 1\DEBUG\EJERCICIO 1.EXE
C:\USERS\JORGE\EDA PRACTICAS\EJERCICIO 1\DEBUG\EJERCICIO 1.PDB
C:\Users\Jorge\EDA PRACTICAS\Ejercicio 1\Ejercicio 1\Debug\Main.obj
C:\Users\Jorge\EDA PRACTICAS\Ejercicio 1\Ejercicio 1\Debug\cl.command.1.tlog
C:\Users\Jorge\EDA PRACTICAS\Ejercicio 1\Ejercicio 1\Debug\CL.read.1.tlog
C:\Users\Jorge\EDA PRACTICAS\Ejercicio 1\Ejercicio 1\Debug\CL.write.1.tlog
C:\Users\Jorge\EDA PRACTICAS\Ejercicio 1\Ejercicio 1\Debug\link-cvtres.read.1.tlog
C:\Users\Jorge\EDA PRACTICAS\Ejercicio 1\Ejercicio 1\Debug\link-cvtres.write.1.tlog
C:\Users\Jorge\EDA PRACTICAS\Ejercicio 1\Ejercicio 1\Debug\link-rc.read.1.tlog
C:\Users\Jorge\EDA PRACTICAS\Ejercicio 1\Ejercicio 1\Debug\link-rc.write.1.tlog
C:\Users\Jorge\EDA PRACTICAS\Ejercicio 1\Ejercicio 1\Debug\link.command.1.tlog
C:\Users\Jorge\EDA PRACTICAS\Ejercicio 1\Ejercicio 1\Debug\link.read.1.tlog
C:\Users\Jorge\EDA PRACTICAS\Ejercicio 1\Ejercicio 1\Debug\link.write.1.tlog
C:\Users\Jorge\EDA PRACTICAS\Ejercicio 1\Ejercicio 1\Debug\vc110.idb
C:\Users\Jorge\EDA PRACTICAS\Ejercicio 1\Ejercicio 1\Debug\vc110.pdb
C:\Users\Jorge\EDA PRACTICAS\Ejercicio 1\Debug\Ejercicio 1.pdb
C:\Users\Jorge\EDA PRACTICAS\Ejercicio 1\Debug\Ejercicio 1.exe
C:\Users\Jorge\EDA PRACTICAS\Ejercicio 1\Debug\Ejercicio 1.ilk
